[debug] [2023-12-21T07:06:17.496Z] ----------------------------------------------------------------------
[debug] [2023-12-21T07:06:17.497Z] Command:       C:\Program Files\nodejs\node.exe C:\Users\Felipe\AppData\Roaming\npm\node_modules\firebase-tools\lib\bin\firebase.js init hosting
[debug] [2023-12-21T07:06:17.498Z] CLI Version:   13.0.2
[debug] [2023-12-21T07:06:17.498Z] Platform:      win32
[debug] [2023-12-21T07:06:17.498Z] Node Version:  v18.16.0
[debug] [2023-12-21T07:06:17.499Z] Time:          Thu Dec 21 2023 04:06:17 GMT-0300 (hora de verano de Chile)
[debug] [2023-12-21T07:06:17.499Z] ----------------------------------------------------------------------
[debug] 
[debug] [2023-12-21T07:06:17.504Z] > command requires scopes: ["email","openid","https://www.googleapis.com/auth/cloudplatformprojects.readonly","https://www.googleapis.com/auth/firebase","https://www.googleapis.com/auth/cloud-platform"]
[debug] [2023-12-21T07:06:17.505Z] > authorizing via signed-in user (felipe.32.7b@gmail.com)
[info] 
     ######## #### ########  ######## ########     ###     ######  ########
     ##        ##  ##     ## ##       ##     ##  ##   ##  ##       ##
     ######    ##  ########  ######   ########  #########  ######  ######
     ##        ##  ##    ##  ##       ##     ## ##     ##       ## ##
     ##       #### ##     ## ######## ########  ##     ##  ######  ########

You're about to initialize a Firebase project in this directory:

  C:\Users\Felipe\Desktop\a

[info] 
=== Project Setup
[info] 
[info] First, let's associate this project directory with a Firebase project.
[info] You can create multiple project aliases by running firebase use --add, 
[info] but for now we'll just set up a default project.
[info] 
[debug] [2023-12-21T07:06:32.790Z] > refreshing access token with scopes: []
[debug] [2023-12-21T07:06:32.792Z] >>> [apiv2][query] POST https://www.googleapis.com/oauth2/v3/token [none]
[debug] [2023-12-21T07:06:32.792Z] >>> [apiv2][body] POST https://www.googleapis.com/oauth2/v3/token [omitted]
[debug] [2023-12-21T07:06:32.871Z] <<< [apiv2][status] POST https://www.googleapis.com/oauth2/v3/token 400
[debug] [2023-12-21T07:06:32.872Z] <<< [apiv2][body] POST https://www.googleapis.com/oauth2/v3/token [omitted]
[debug] [2023-12-21T07:06:32.872Z] >>> [apiv2][query] GET https://firebase.googleapis.com/v1beta1/projects pageSize=100
[debug] [2023-12-21T07:06:32.905Z] <<< [apiv2][status] GET https://firebase.googleapis.com/v1beta1/projects 401
[debug] [2023-12-21T07:06:32.905Z] <<< [apiv2][body] GET https://firebase.googleapis.com/v1beta1/projects [omitted]
[debug] [2023-12-21T07:06:32.906Z] HTTP Error: 401, Request had invalid authentication credentials. Expected OAuth 2 access token, login cookie or other valid authentication credential. See https://developers.google.com/identity/sign-in/web/devconsole-project.
[debug] [2023-12-21T07:06:32.925Z] FirebaseError: HTTP Error: 401, Request had invalid authentication credentials. Expected OAuth 2 access token, login cookie or other valid authentication credential. See https://developers.google.com/identity/sign-in/web/devconsole-project.
    at responseToError (C:\Users\Felipe\AppData\Roaming\npm\node_modules\firebase-tools\lib\responseToError.js:49:12)
    at RetryOperation._fn (C:\Users\Felipe\AppData\Roaming\npm\node_modules\firebase-tools\lib\apiv2.js:292:77)
    at process.processTicksAndRejections (node:internal/process/task_queues:95:5)
[error] 
[error] Error: Failed to list Firebase projects. See firebase-debug.log for more info.
[debug] [2023-12-21T07:06:45.010Z] ----------------------------------------------------------------------
[debug] [2023-12-21T07:06:45.012Z] Command:       C:\Program Files\nodejs\node.exe C:\Users\Felipe\AppData\Roaming\npm\node_modules\firebase-tools\lib\bin\firebase.js init hosting
[debug] [2023-12-21T07:06:45.012Z] CLI Version:   13.0.2
[debug] [2023-12-21T07:06:45.013Z] Platform:      win32
[debug] [2023-12-21T07:06:45.013Z] Node Version:  v18.16.0
[debug] [2023-12-21T07:06:45.014Z] Time:          Thu Dec 21 2023 04:06:45 GMT-0300 (hora de verano de Chile)
[debug] [2023-12-21T07:06:45.014Z] ----------------------------------------------------------------------
[debug] 
[debug] [2023-12-21T07:06:45.020Z] > command requires scopes: ["email","openid","https://www.googleapis.com/auth/cloudplatformprojects.readonly","https://www.googleapis.com/auth/firebase","https://www.googleapis.com/auth/cloud-platform"]
[debug] [2023-12-21T07:06:45.020Z] > authorizing via signed-in user (felipe.32.7b@gmail.com)
[info] 
     ######## #### ########  ######## ########     ###     ######  ########
     ##        ##  ##     ## ##       ##     ##  ##   ##  ##       ##
     ######    ##  ########  ######   ########  #########  ######  ######
     ##        ##  ##    ##  ##       ##     ## ##     ##       ## ##
     ##       #### ##     ## ######## ########  ##     ##  ######  ########

You're about to initialize a Firebase project in this directory:

  C:\Users\Felipe\Desktop\a

[info] 
=== Project Setup
[info] 
[info] First, let's associate this project directory with a Firebase project.
[info] You can create multiple project aliases by running firebase use --add, 
[info] but for now we'll just set up a default project.
[info] 
[debug] [2023-12-21T07:06:51.423Z] > refreshing access token with scopes: []
[debug] [2023-12-21T07:06:51.425Z] >>> [apiv2][query] POST https://www.googleapis.com/oauth2/v3/token [none]
[debug] [2023-12-21T07:06:51.425Z] >>> [apiv2][body] POST https://www.googleapis.com/oauth2/v3/token [omitted]
[debug] [2023-12-21T07:06:51.499Z] <<< [apiv2][status] POST https://www.googleapis.com/oauth2/v3/token 400
[debug] [2023-12-21T07:06:51.499Z] <<< [apiv2][body] POST https://www.googleapis.com/oauth2/v3/token [omitted]
[debug] [2023-12-21T07:06:51.500Z] >>> [apiv2][query] GET https://firebase.googleapis.com/v1beta1/projects pageSize=100
[debug] [2023-12-21T07:06:51.524Z] <<< [apiv2][status] GET https://firebase.googleapis.com/v1beta1/projects 401
[debug] [2023-12-21T07:06:51.524Z] <<< [apiv2][body] GET https://firebase.googleapis.com/v1beta1/projects [omitted]
[debug] [2023-12-21T07:06:51.524Z] HTTP Error: 401, Request had invalid authentication credentials. Expected OAuth 2 access token, login cookie or other valid authentication credential. See https://developers.google.com/identity/sign-in/web/devconsole-project.
[debug] [2023-12-21T07:06:51.544Z] FirebaseError: HTTP Error: 401, Request had invalid authentication credentials. Expected OAuth 2 access token, login cookie or other valid authentication credential. See https://developers.google.com/identity/sign-in/web/devconsole-project.
    at responseToError (C:\Users\Felipe\AppData\Roaming\npm\node_modules\firebase-tools\lib\responseToError.js:49:12)
    at RetryOperation._fn (C:\Users\Felipe\AppData\Roaming\npm\node_modules\firebase-tools\lib\apiv2.js:292:77)
    at process.processTicksAndRejections (node:internal/process/task_queues:95:5)
[error] 
[error] Error: Failed to list Firebase projects. See firebase-debug.log for more info.
